#
# There is insufficient memory for the Java Runtime Environment to continue.
# Native memory allocation (mmap) failed to map 266338304 bytes for Failed to commit area from 0x0000000703400000 to 0x0000000713200000 of length 266338304.
# Possible reasons:
#   The system is out of physical RAM or swap space
#   The process is running with CompressedOops enabled, and the Java Heap may be blocking the growth of the native heap
# Possible solutions:
#   Reduce memory load on the system
#   Increase physical memory or swap space
#   Check if swap backing store is full
#   Decrease Java heap size (-Xmx/-Xms)
#   Decrease number of Java threads
#   Decrease Java thread stack sizes (-Xss)
#   Set larger code cache with -XX:ReservedCodeCacheSize=
# This output file may be truncated or incomplete.
#
#  Out of Memory Error (t:/workspace/open/src/hotspot/os/windows/os_windows.cpp:3269), pid=20020, tid=11484
#
# JRE version:  (11.0.2+9) (build )
# Java VM: OpenJDK 64-Bit Server VM (11.0.2+9, mixed mode, aot, sharing, tiered, compressed oops, g1 gc, windows-amd64)
# No core dump will be written. Minidumps are not enabled by default on client versions of Windows
#

---------------  S U M M A R Y ------------

Command Line: -ea -agentlib:jdwp=transport=dt_shmem,address=javadebug -Dfile.encoding=UTF-8 bluej.runtime.ExecServer UTF-8

Host: Intel(R) Core(TM) i7-9750H CPU @ 2.60GHz, 12 cores, 15G,  Windows 10 , 64 bit Build 18362 (10.0.18362.329)
Time: Fri Mar  6 13:36:29 2020 GMT ¡À¨º¡Á?¨º¡À?? elapsed time: 0 seconds (0d 0h 0m 0s)

---------------  T H R E A D  ---------------

Current thread (0x00000186abe1e000):  JavaThread "Unknown thread" [_thread_in_vm, id=11484, stack(0x0000002ac7700000,0x0000002ac7800000)]

Stack: [0x0000002ac7700000,0x0000002ac7800000]
Native frames: (J=compiled Java code, j=interpreted, Vv=VM code, C=native code)
V  [jvm.dll+0x63489a]
V  [jvm.dll+0x771f9f]
V  [jvm.dll+0x773648]
V  [jvm.dll+0x773d03]
V  [jvm.dll+0x25eba8]
V  [jvm.dll+0x631d3a]
V  [jvm.dll+0x626775]
V  [jvm.dll+0x313ffc]
V  [jvm.dll+0x313e82]
V  [jvm.dll+0x3196e6]
V  [jvm.dll+0x36579f]
V  [jvm.dll+0x3651c0]
V  [jvm.dll+0x2f0ff8]
V  [jvm.dll+0x2f2156]
V  [jvm.dll+0x74b4f7]
V  [jvm.dll+0x74cc3f]
V  [jvm.dll+0x372609]
V  [jvm.dll+0x731b69]
V  [jvm.dll+0x3e1bad]
V  [jvm.dll+0x3e3e81]
C  [java.exe+0x3607]
C  [java.exe+0x1746c]
C  [KERNEL32.DLL+0x17bd4]
C  [ntdll.dll+0x6ced1]


---------------  P R O C E S S  ---------------

Threads class SMR info:
_java_thread_list=0x00000186a9af9000, length=0, elements={
}

Java Threads: ( => current thread )

Other Threads:
  0x00000186abe34000 GCTaskThread "GC Thread#0" [stack: 0x0000002ac7800000,0x0000002ac7900000] [id=12464]
  0x00000186abe91800 ConcurrentGCThread "G1 Main Marker" [stack: 0x0000002ac7900000,0x0000002ac7a00000] [id=12172]
  0x00000186abe99000 ConcurrentGCThread "G1 Conc#0" [stack: 0x0000002ac7a00000,0x0000002ac7b00000] [id=4280]

[error occurred during error reporting (printing all threads), id 0xc0000005, EXCEPTION_ACCESS_VIOLATION (0xc0000005) at pc=0x00007ffde80cf5b7]

VM state:not at safepoint (not fully initialized)

VM Mutex/Monitor currently owned by a thread:  ([mutex/lock_event])
[0x00000186abe1b7f0] Heap_lock - owner thread: 0x00000186abe1e000

Heap address: 0x0000000703400000, size: 4044 MB, Compressed Oops mode: Non-zero based: 0x0000000703400000
Narrow klass base: 0x0000000000000000, Narrow klass shift: 0

GC Heap History (0 events):
No events

Deoptimization events (0 events):
No events

Classes redefined (0 events):
No events

Internal exceptions (0 events):
No events

Events (0 events):
No events


Dynamic libraries:
0x00007ff6a4f70000 - 0x00007ff6a4fb5000 	C:\Users\zhour\Downloads\BlueJ-windows-422\BlueJ\jdk\bin\java.exe
0x00007ffe2ce20000 - 0x00007ffe2d010000 	C:\Windows\SYSTEM32\ntdll.dll
0x00007ffe2bf80000 - 0x00007ffe2c032000 	C:\Windows\System32\KERNEL32.DLL
0x00007ffe2aa80000 - 0x00007ffe2ad23000 	C:\Windows\System32\KERNELBASE.dll
0x00007ffe2c040000 - 0x00007ffe2c1d4000 	C:\Windows\System32\USER32.dll
0x00007ffe2a960000 - 0x00007ffe2a981000 	C:\Windows\System32\win32u.dll
0x00007ffe2b760000 - 0x00007ffe2b786000 	C:\Windows\System32\GDI32.dll
0x00007ffe2ad30000 - 0x00007ffe2aec4000 	C:\Windows\System32\gdi32full.dll
0x00007ffe2a9e0000 - 0x00007ffe2aa7e000 	C:\Windows\System32\msvcp_win.dll
0x00007ffe2a860000 - 0x00007ffe2a95a000 	C:\Windows\System32\ucrtbase.dll
0x00007ffe1a960000 - 0x00007ffe1abe5000 	C:\Windows\WinSxS\amd64_microsoft.windows.common-controls_6595b64144ccf1df_6.0.18362.657_none_e6c5b579130e3898\COMCTL32.dll
0x00007ffe2cca0000 - 0x00007ffe2cd3e000 	C:\Windows\System32\msvcrt.dll
0x00007ffe2b2a0000 - 0x00007ffe2b5d6000 	C:\Windows\System32\combase.dll
0x00007ffe2cab0000 - 0x00007ffe2cbd0000 	C:\Windows\System32\RPCRT4.dll
0x00007ffe2a690000 - 0x00007ffe2a710000 	C:\Windows\System32\bcryptPrimitives.dll
0x00007ffe2c8d0000 - 0x00007ffe2c8fe000 	C:\Windows\System32\IMM32.DLL
0x00007ffe27f00000 - 0x00007ffe27f16000 	C:\Users\zhour\Downloads\BlueJ-windows-422\BlueJ\jdk\bin\vcruntime140.dll
0x00007ffe1b820000 - 0x00007ffe1b8ca000 	C:\Users\zhour\Downloads\BlueJ-windows-422\BlueJ\jdk\bin\msvcp140.dll
0x00007ffde7dd0000 - 0x00007ffde88f3000 	C:\Users\zhour\Downloads\BlueJ-windows-422\BlueJ\jdk\bin\server\jvm.dll
0x00007ffe2be60000 - 0x00007ffe2bf03000 	C:\Windows\System32\ADVAPI32.dll
0x00007ffe2cd40000 - 0x00007ffe2cdd7000 	C:\Windows\System32\sechost.dll
0x00007ffe2be50000 - 0x00007ffe2be58000 	C:\Windows\System32\PSAPI.DLL
0x00007ffe12750000 - 0x00007ffe12759000 	C:\Windows\SYSTEM32\WSOCK32.dll
0x00007ffe273e0000 - 0x00007ffe27404000 	C:\Windows\SYSTEM32\WINMM.dll
0x00007ffe2bf10000 - 0x00007ffe2bf7f000 	C:\Windows\System32\WS2_32.dll
0x00007ffe227b0000 - 0x00007ffe227ba000 	C:\Windows\SYSTEM32\VERSION.dll
0x00007ffe26f60000 - 0x00007ffe26f8d000 	C:\Windows\SYSTEM32\winmmbase.dll
0x00007ffe2a990000 - 0x00007ffe2a9da000 	C:\Windows\System32\cfgmgr32.dll
0x00007ffe29d90000 - 0x00007ffe29da1000 	C:\Windows\System32\kernel.appcore.dll
0x00007ffe1c690000 - 0x00007ffe1c6a1000 	C:\Users\zhour\Downloads\BlueJ-windows-422\BlueJ\jdk\bin\verify.dll
0x00007ffe285a0000 - 0x00007ffe28794000 	C:\Windows\SYSTEM32\DBGHELP.DLL
0x00007ffe0efe0000 - 0x00007ffe0f00a000 	C:\Windows\SYSTEM32\dbgcore.DLL
0x00007ffe1c660000 - 0x00007ffe1c688000 	C:\Users\zhour\Downloads\BlueJ-windows-422\BlueJ\jdk\bin\java.dll
0x00007ffe1a610000 - 0x00007ffe1a647000 	C:\Users\zhour\Downloads\BlueJ-windows-422\BlueJ\jdk\bin\jdwp.dll
0x00007ffe1c640000 - 0x00007ffe1c656000 	C:\Users\zhour\Downloads\BlueJ-windows-422\BlueJ\jdk\bin\zip.dll
0x00007ffe27ef0000 - 0x00007ffe27efa000 	C:\Users\zhour\Downloads\BlueJ-windows-422\BlueJ\jdk\bin\jimage.dll

dbghelp: loaded successfully - version: 4.0.5 - missing functions: none
symbol engine: initialized successfully - sym options: 0x614 - pdb path: .;C:\Users\zhour\Downloads\BlueJ-windows-422\BlueJ\jdk\bin;C:\Windows\SYSTEM32;C:\Windows\WinSxS\amd64_microsoft.windows.common-controls_6595b64144ccf1df_6.0.18362.657_none_e6c5b579130e3898;C:\Users\zhour\Downloads\BlueJ-windows-422\BlueJ\jdk\bin\server

VM Arguments:
jvm_args: -ea -agentlib:jdwp=transport=dt_shmem,address=javadebug -Dfile.encoding=UTF-8 
java_command: bluej.runtime.ExecServer UTF-8
java_class_path (initial): C:\Users\zhour\Downloads\BlueJ-windows-422\bluej\lib\bluejcore.jar;C:\Users\zhour\Downloads\BlueJ-windows-422\bluej\lib\junit-4.11.jar;C:\Users\zhour\Downloads\BlueJ-windows-422\bluej\lib\hamcrest-core-1.3.jar;C:\Users\zhour\Downloads\BlueJ-windows-422\bluej\lib\lang-stride.jar;C:\Users\zhour\Downloads\BlueJ-windows-422\bluej\lib\javafx\lib\javafx.base.jar;C:\Users\zhour\Downloads\BlueJ-windows-422\bluej\lib\javafx\lib\javafx.controls.jar;C:\Users\zhour\Downloads\BlueJ-windows-422\bluej\lib\javafx\lib\javafx.fxml.jar;C:\Users\zhour\Downloads\BlueJ-windows-422\bluej\lib\javafx\lib\javafx.graphics.jar;C:\Users\zhour\Downloads\BlueJ-windows-422\bluej\lib\javafx\lib\javafx.media.jar;C:\Users\zhour\Downloads\BlueJ-windows-422\bluej\lib\javafx\lib\javafx.properties.jar;C:\Users\zhour\Downloads\BlueJ-windows-422\bluej\lib\javafx\lib\javafx.swing.jar;C:\Users\zhour\Downloads\BlueJ-windows-422\bluej\lib\javafx\lib\javafx.web.jar;C:\Users\zhour\Downloads\BlueJ-windows-422\bluej\lib\javafx\lib\javafx.base.jar;C:\Users\zhour\Downloads\BlueJ-windows-422\bluej\lib\javafx\lib\javafx.controls.jar;C:\Users\zhour\Downloads\BlueJ-windows-422\bluej\lib\javafx\lib\javafx.fxml.jar;C:\Users\zhour\Downloads\BlueJ-windows-422\bluej\lib\javafx\lib\javafx.graphics.jar;C:\Users\zhour\Downloads\BlueJ-windows-422\bluej\lib\javafx\lib\javafx.media.jar;C:\Users\zhour\Downloads\BlueJ-windows-422\bluej\lib\javafx\lib\javafx.properties.jar;C:\Users\zhour\Downloads\BlueJ-windows-422\bluej\lib\javafx\lib\javafx.swing.jar;C:\Users\zhour\Downloads\BlueJ-windows-422\bluej\lib\javafx\lib\javafx.web.jar;C:\Users\zhour\aasignment4 new\+libs\commons-lang3-3.7.jar;C:\Users\zhour\aasignment4 new\+libs\commons-text-1.2.jar;C:\Users\zhour\aasignment4 new\+libs\opencsv-4.1.jar
Launcher Type: SUN_STANDARD

[Global flags]
     intx CICompilerCount                          = 4                                         {product} {ergonomic}
     uint ConcGCThreads                            = 3                                         {product} {ergonomic}
     uint G1ConcRefinementThreads                  = 10                                        {product} {ergonomic}
   size_t G1HeapRegionSize                         = 1048576                                   {product} {ergonomic}
    uintx GCDrainStackTargetSize                   = 64                                        {product} {ergonomic}
   size_t InitialHeapSize                          = 266338304                                 {product} {ergonomic}
   size_t MarkStackSize                            = 4194304                                   {product} {ergonomic}
   size_t MaxHeapSize                              = 4240441344                                {product} {ergonomic}
   size_t MinHeapDeltaBytes                        = 1048576                                   {product} {ergonomic}
    uintx NonNMethodCodeHeapSize                   = 5835340                                {pd product} {ergonomic}
    uintx NonProfiledCodeHeapSize                  = 122911450                              {pd product} {ergonomic}
    uintx ProfiledCodeHeapSize                     = 122911450                              {pd product} {ergonomic}
    uintx ReservedCodeCacheSize                    = 251658240                              {pd product} {ergonomic}
     bool SegmentedCodeCache                       = true                                      {product} {ergonomic}
     bool UseCompressedClassPointers               = true                                 {lp64_product} {ergonomic}
     bool UseCompressedOops                        = true                                 {lp64_product} {ergonomic}
     bool UseG1GC                                  = true                                      {product} {ergonomic}
     bool UseLargePagesIndividualAllocation        = false                                  {pd product} {ergonomic}

Logging:
Log output configuration:
 #0: stdout all=warning uptime,level,tags
 #1: stderr all=off uptime,level,tags

Environment Variables:
PATH=C:\Program Files (x86)\Razer\ChromaBroadcast\bin;C:\Program Files\Razer\ChromaBroadcast\bin;C:\WinAVR-20100110\bin;C:\WinAVR-20100110\utils\bin;C:\Windows\system32;C:\Windows;C:\Windows\System32\Wbem;C:\Windows\System32\WindowsPowerShell\v1.0\;C:\Windows\System32\OpenSSH\;C:\Program Files (x86)\NVIDIA Corporation\PhysX\Common;C:\Program Files\NVIDIA Corporation\NVIDIA NvDLISR;C:\Program Files\Intel\WiFi\bin\;C:\Program Files\Common Files\Intel\WirelessCommon\;C:\Windows\system32\config\systemprofile\AppData\Local\Microsoft\WindowsApps;C:\Users\zhour\AppData\Local\Microsoft\WindowsApps;C:\Program Files\Intel\WiFi\bin\;C:\Program Files\Common Files\Intel\WirelessCommon\
USERNAME=zhour
OS=Windows_NT
PROCESSOR_IDENTIFIER=Intel64 Family 6 Model 158 Stepping 10, GenuineIntel



---------------  S Y S T E M  ---------------

OS: Windows 10 , 64 bit Build 18362 (10.0.18362.329)

CPU:total 12 (initial active 12) (6 cores per cpu, 2 threads per core) family 6 model 158 stepping 10, cmov, cx8, fxsr, mmx, sse, sse2, sse3, ssse3, sse4.1, sse4.2, popcnt, avx, avx2, aes, clmul, erms, 3dnowpref, lzcnt, ht, tsc, tscinvbit, bmi1, bmi2, adx, fma

Memory: 4k page, system-wide physical 16174M (2215M free)
TotalPageFile size 65326M (AvailPageFile size 215M)
current process WorkingSet (physical memory assigned to process): 10M, peak: 10M
current process commit charge ("private bytes"): 64M, peak: 318M

vm_info: OpenJDK 64-Bit Server VM (11.0.2+9) for windows-amd64 JRE (11.0.2+9), built on Jan 18 2019 05:23:22 by "mach5one" with MS VC++ 15.5 (VS2017)

END.
